[debug] [2019-10-24T16:02:45.009Z] ----------------------------------------------------------------------
[debug] [2019-10-24T16:02:45.011Z] Command:       /usr/local/bin/node /usr/local/bin/firebase serve -p 1234
[debug] [2019-10-24T16:02:45.011Z] CLI Version:   7.0.1
[debug] [2019-10-24T16:02:45.011Z] Platform:      darwin
[debug] [2019-10-24T16:02:45.011Z] Node Version:  v10.16.0
[debug] [2019-10-24T16:02:45.015Z] Time:          Thu Oct 24 2019 21:32:45 GMT+0530 (India Standard Time)
[debug] [2019-10-24T16:02:45.015Z] ----------------------------------------------------------------------
[debug] 
[debug] [2019-10-24T16:02:45.034Z] > command requires scopes: ["email","openid","https://www.googleapis.com/auth/cloudplatformprojects.readonly","https://www.googleapis.com/auth/firebase","https://www.googleapis.com/auth/cloud-platform"]
[debug] [2019-10-24T16:02:45.034Z] > authorizing via signed-in user
[debug] [2019-10-24T16:02:45.034Z] [iam] checking project rakutenrobin for permissions ["firebase.projects.get"]
[debug] [2019-10-24T16:02:45.036Z] > refreshing access token with scopes: ["email","https://www.googleapis.com/auth/cloud-platform","https://www.googleapis.com/auth/cloudplatformprojects.readonly","https://www.googleapis.com/auth/firebase","openid"]
[debug] [2019-10-24T16:02:45.036Z] >>> HTTP REQUEST POST https://www.googleapis.com/oauth2/v3/token  
 <request body omitted>
[debug] [2019-10-24T16:02:45.242Z] <<< HTTP RESPONSE 200
[debug] [2019-10-24T16:02:45.256Z] >>> HTTP REQUEST POST https://cloudresourcemanager.googleapis.com/v1/projects/rakutenrobin:testIamPermissions  

[debug] [2019-10-24T16:02:46.729Z] <<< HTTP RESPONSE 200
[debug] [2019-10-24T16:02:46.730Z] >>> HTTP REQUEST GET https://cloudresourcemanager.googleapis.com/v1/projects/rakutenrobin  
 
[debug] [2019-10-24T16:02:48.164Z] <<< HTTP RESPONSE 200
[info] 
[info] === Serving from '/Users/ankur.kumar/Documents/RobinHood'...
[info] 
[debug] [2019-10-24T16:02:48.169Z] >>> HTTP REQUEST GET https://mobilesdk-pa.googleapis.com/v1/projects/72492564650/clients/_:getWebAppConfig  
 
[debug] [2019-10-24T16:02:49.804Z] <<< HTTP RESPONSE 200
[info] i  hosting: Serving hosting files from: public
[info] ✔  hosting: Local server: http://localhost:1234
